<?xml version="1.0" encoding="UTF-8"?>
<!-- Generated by org.testng.reporters.JUnitReportReporter -->
<testsuite hostname="DESKTOP-SLIM3" failures="0" tests="1" name="seProject.TestSeProject" time="0.003" errors="0" timestamp="2024-04-13T08:54:38 IST" skipped="0">
  <testcase classname="seProject.TestSeProject" name="testHellowWorld" time="0.003"/>
</testsuite> <!-- seProject.TestSeProject -->
